<?xml version="1.0" encoding="UTF-8"?>
<!-- Generated by org.testng.reporters.JUnitXMLReporter -->
<testsuite hostname="DESKTOP-C1UMIF1" ignored="0" name="Default test" tests="7" failures="0" timestamp="05 Dec 2019 15:03:46 GMT" time="119.762" errors="0">
  <testcase name="test" time="0.063" classname="ReadExcelData.ObjectDataDrivenFromExcel"/>
  <testcase name="test" time="7.75" classname="ReadExcelData.ObjectDataDrivenFromExcel"/>
  <testcase name="test" time="7.341" classname="ReadExcelData.ObjectDataDrivenFromExcel"/>
  <testcase name="test" time="7.761" classname="ReadExcelData.ObjectDataDrivenFromExcel"/>
  <testcase name="test" time="28.026" classname="ReadExcelData.ObjectDataDrivenFromExcel"/>
  <testcase name="test" time="30.977" classname="ReadExcelData.ObjectDataDrivenFromExcel"/>
  <testcase name="test" time="2.158" classname="ReadExcelData.ObjectDataDrivenFromExcel"/>
</testsuite> <!-- Default test -->
