<?xml version="1.0" encoding="UTF-8"?>
<!-- Generated by org.testng.reporters.JUnitXMLReporter -->
<testsuite hostname="DESKTOP-C1UMIF1" ignored="5" name="Test Grouping New" tests="5" failures="0" timestamp="08 Aug 2019 13:30:02 GMT" time="0.1" errors="0">
  <testcase name="f1" time="0.023" classname="TestNG.TestGroupingNew"/>
  <testcase name="f2" time="0.002" classname="TestNG.TestGroupingNew"/>
  <testcase name="f4" time="0.001" classname="TestNG.TestGroupingNew"/>
  <testcase name="f6" time="0.004" classname="TestNG.TestGroupingNew"/>
  <testcase name="a1" time="0.003" classname="TestNG.TestGrouping"/>
  <testcase name="f5" time="0.0" classname="TestNG.TestGroupingNew">
    <ignored/>
  </testcase> <!-- f5 -->
  <testcase name="a3" time="0.0" classname="TestNG.TestGrouping">
    <ignored/>
  </testcase> <!-- a3 -->
  <testcase name="a2" time="0.0" classname="TestNG.TestGrouping">
    <ignored/>
  </testcase> <!-- a2 -->
  <testcase name="f3" time="0.0" classname="TestNG.TestGroupingNew">
    <ignored/>
  </testcase> <!-- f3 -->
  <testcase name="a4" time="0.0" classname="TestNG.TestGrouping">
    <ignored/>
  </testcase> <!-- a4 -->
</testsuite> <!-- Test Grouping New -->
